<?xml version="1.0" encoding="UTF-8"?>
<testsuite xmlns:xsi="http://www.w3.org/2001/XMLSchema-instance" xsi:noNamespaceSchemaLocation="https://maven.apache.org/surefire/maven-surefire-plugin/xsd/surefire-test-report-3.0.xsd" version="3.0" name="com.example.mywebapp.MywebappApplicationTests" time="5.275" tests="1" errors="0" skipped="0" failures="0">
  <properties>
[...]
</properties>
  <testcase name="contextLoads" classname="com.example.mywebapp.MywebappApplicationTests" time="0.668">
    <system-out><![CDATA[17:50:14.576 [main] INFO org.springframework.test.context.support.AnnotationConfigContextLoaderUtils -- Could not detect default configuration classes for test class [com.example.mywebapp.MywebappApplicationTests]: MywebappApplicationTests does not declare any static, non-private, non-final, nested classes annotated with @Configuration.
17:50:14.695 [main] INFO org.springframework.boot.test.context.SpringBootTestContextBootstrapper -- Found @SpringBootConfiguration com.example.mywebapp.MywebappApplication for test class com.example.mywebapp.MywebappApplicationTests

  .   ____          _            __ _ _
 /\\ / ___'_ __ _ _(_)_ __  __ _ \ \ \ \
( ( )\___ | '_ | '_| | '_ \/ _` | \ \ \ \
 \\/  ___)| |_)| | | | | || (_| |  ) ) ) )
  '  |____| .__|_| |_|_| |_\__, | / / / /
 =========|_|==============|___/=/_/_/_/
 :: Spring Boot ::                (v3.1.4)

2023-09-29T17:50:15.188+05:30  INFO 26008 --- [           main] c.e.mywebapp.MywebappApplicationTests    : Starting MywebappApplicationTests using Java 17.0.8.1 with PID 26008 (started by aravi in d:\JAVA\mywebapp\mywebapp)
2023-09-29T17:50:15.189+05:30  INFO 26008 --- [           main] c.e.mywebapp.MywebappApplicationTests    : No active profile set, falling back to 1 default profile: "default"
2023-09-29T17:50:15.850+05:30  INFO 26008 --- [           main] .s.d.r.c.RepositoryConfigurationDelegate : Bootstrapping Spring Data JPA repositories in DEFAULT mode.
2023-09-29T17:50:15.918+05:30  INFO 26008 --- [           main] .s.d.r.c.RepositoryConfigurationDelegate : Finished Spring Data repository scanning in 57 ms. Found 1 JPA repository interfaces.
2023-09-29T17:50:16.407+05:30  INFO 26008 --- [           main] o.hibernate.jpa.internal.util.LogHelper  : HHH000204: Processing PersistenceUnitInfo [name: default]
2023-09-29T17:50:16.511+05:30  INFO 26008 --- [           main] org.hibernate.Version                    : HHH000412: Hibernate ORM core version 6.2.9.Final
2023-09-29T17:50:16.513+05:30  INFO 26008 --- [           main] org.hibernate.cfg.Environment            : HHH000406: Using bytecode reflection optimizer
2023-09-29T17:50:16.685+05:30 DEBUG 26008 --- [           main] org.hibernate.type.BasicTypeRegistry     : Adding type registration boolean -> org.hibernate.type.BasicTypeReference@2c719bd4
2023-09-29T17:50:16.685+05:30 DEBUG 26008 --- [           main] org.hibernate.type.BasicTypeRegistry     : Adding type registration boolean -> org.hibernate.type.BasicTypeReference@2c719bd4
2023-09-29T17:50:16.685+05:30 DEBUG 26008 --- [           main] org.hibernate.type.BasicTypeRegistry     : Adding type registration java.lang.Boolean -> org.hibernate.type.BasicTypeReference@2c719bd4
2023-09-29T17:50:16.685+05:30 DEBUG 26008 --- [           main] org.hibernate.type.BasicTypeRegistry     : Adding type registration numeric_boolean -> org.hibernate.type.BasicTypeReference@53aa38be
2023-09-29T17:50:16.685+05:30 DEBUG 26008 --- [           main] org.hibernate.type.BasicTypeRegistry     : Adding type registration org.hibernate.type.NumericBooleanConverter -> org.hibernate.type.BasicTypeReference@53aa38be
2023-09-29T17:50:16.685+05:30 DEBUG 26008 --- [           main] org.hibernate.type.BasicTypeRegistry     : Adding type registration true_false -> org.hibernate.type.BasicTypeReference@37a0ec3c
2023-09-29T17:50:16.685+05:30 DEBUG 26008 --- [           main] org.hibernate.type.BasicTypeRegistry     : Adding type registration org.hibernate.type.TrueFalseConverter -> org.hibernate.type.BasicTypeReference@37a0ec3c
2023-09-29T17:50:16.685+05:30 DEBUG 26008 --- [           main] org.hibernate.type.BasicTypeRegistry     : Adding type registration yes_no -> org.hibernate.type.BasicTypeReference@422ad5e2
2023-09-29T17:50:16.686+05:30 DEBUG 26008 --- [           main] org.hibernate.type.BasicTypeRegistry     : Adding type registration org.hibernate.type.YesNoConverter -> org.hibernate.type.BasicTypeReference@422ad5e2
2023-09-29T17:50:16.686+05:30 DEBUG 26008 --- [           main] org.hibernate.type.BasicTypeRegistry     : Adding type registration byte -> org.hibernate.type.BasicTypeReference@62a54948
2023-09-29T17:50:16.686+05:30 DEBUG 26008 --- [           main] org.hibernate.type.BasicTypeRegistry     : Adding type registration byte -> org.hibernate.type.BasicTypeReference@62a54948
2023-09-29T17:50:16.686+05:30 DEBUG 26008 --- [           main] org.hibernate.type.BasicTypeRegistry     : Adding type registration java.lang.Byte -> org.hibernate.type.BasicTypeReference@62a54948
2023-09-29T17:50:16.687+05:30 DEBUG 26008 --- [           main] org.hibernate.type.BasicTypeRegistry     : Adding type registration binary -> org.hibernate.type.BasicTypeReference@6048e26a
2023-09-29T17:50:16.687+05:30 DEBUG 26008 --- [           main] org.hibernate.type.BasicTypeRegistry     : Adding type registration byte[] -> org.hibernate.type.BasicTypeReference@6048e26a
2023-09-29T17:50:16.687+05:30 DEBUG 26008 --- [           main] org.hibernate.type.BasicTypeRegistry     : Adding type registration [B -> org.hibernate.type.BasicTypeReference@6048e26a
2023-09-29T17:50:16.687+05:30 DEBUG 26008 --- [           main] org.hibernate.type.BasicTypeRegistry     : Adding type registration binary_wrapper -> org.hibernate.type.BasicTypeReference@c8f97a7
2023-09-29T17:50:16.688+05:30 DEBUG 26008 --- [           main] org.hibernate.type.BasicTypeRegistry     : Adding type registration wrapper-binary -> org.hibernate.type.BasicTypeReference@c8f97a7
2023-09-29T17:50:16.688+05:30 DEBUG 26008 --- [           main] org.hibernate.type.BasicTypeRegistry     : Adding type registration image -> org.hibernate.type.BasicTypeReference@2b736fee
2023-09-29T17:50:16.688+05:30 DEBUG 26008 --- [           main] org.hibernate.type.BasicTypeRegistry     : Adding type registration blob -> org.hibernate.type.BasicTypeReference@3249e278
2023-09-29T17:50:16.688+05:30 DEBUG 26008 --- [           main] org.hibernate.type.BasicTypeRegistry     : Adding type registration java.sql.Blob -> org.hibernate.type.BasicTypeReference@3249e278
2023-09-29T17:50:16.688+05:30 DEBUG 26008 --- [           main] org.hibernate.type.BasicTypeRegistry     : Adding type registration materialized_blob -> org.hibernate.type.BasicTypeReference@35adf623
2023-09-29T17:50:16.688+05:30 DEBUG 26008 --- [           main] org.hibernate.type.BasicTypeRegistry     : Adding type registration materialized_blob_wrapper -> org.hibernate.type.BasicTypeReference@456f7d9e
2023-09-29T17:50:16.688+05:30 DEBUG 26008 --- [           main] org.hibernate.type.BasicTypeRegistry     : Adding type registration short -> org.hibernate.type.BasicTypeReference@75d366c2
2023-09-29T17:50:16.688+05:30 DEBUG 26008 --- [           main] org.hibernate.type.BasicTypeRegistry     : Adding type registration short -> org.hibernate.type.BasicTypeReference@75d366c2
2023-09-29T17:50:16.688+05:30 DEBUG 26008 --- [           main] org.hibernate.type.BasicTypeRegistry     : Adding type registration java.lang.Short -> org.hibernate.type.BasicTypeReference@75d366c2
2023-09-29T17:50:16.689+05:30 DEBUG 26008 --- [           main] org.hibernate.type.BasicTypeRegistry     : Adding type registration integer -> org.hibernate.type.BasicTypeReference@8f40022
2023-09-29T17:50:16.689+05:30 DEBUG 26008 --- [           main] org.hibernate.type.BasicTypeRegistry     : Adding type registration int -> org.hibernate.type.BasicTypeReference@8f40022
2023-09-29T17:50:16.689+05:30 DEBUG 26008 --- [           main] org.hibernate.type.BasicTypeRegistry     : Adding type registration java.lang.Integer -> org.hibernate.type.BasicTypeReference@8f40022
2023-09-29T17:50:16.689+05:30 DEBUG 26008 --- [           main] org.hibernate.type.BasicTypeRegistry     : Adding type registration long -> org.hibernate.type.BasicTypeReference@5232e3f1
2023-09-29T17:50:16.689+05:30 DEBUG 26008 --- [           main] org.hibernate.type.BasicTypeRegistry     : Adding type registration long -> org.hibernate.type.BasicTypeReference@5232e3f1
2023-09-29T17:50:16.689+05:30 DEBUG 26008 --- [           main] org.hibernate.type.BasicTypeRegistry     : Adding type registration java.lang.Long -> org.hibernate.type.BasicTypeReference@5232e3f1
2023-09-29T17:50:16.690+05:30 DEBUG 26008 --- [           main] org.hibernate.type.BasicTypeRegistry     : Adding type registration float -> org.hibernate.type.BasicTypeReference@6c8fe7a4
2023-09-29T17:50:16.690+05:30 DEBUG 26008 --- [           main] org.hibernate.type.BasicTypeRegistry     : Adding type registration float -> org.hibernate.type.BasicTypeReference@6c8fe7a4
2023-09-29T17:50:16.690+05:30 DEBUG 26008 --- [           main] org.hibernate.type.BasicTypeRegistry     : Adding type registration java.lang.Float -> org.hibernate.type.BasicTypeReference@6c8fe7a4
2023-09-29T17:50:16.690+05:30 DEBUG 26008 --- [           main] org.hibernate.type.BasicTypeRegistry     : Adding type registration double -> org.hibernate.type.BasicTypeReference@2047981
2023-09-29T17:50:16.690+05:30 DEBUG 26008 --- [           main] org.hibernate.type.BasicTypeRegistry     : Adding type registration double -> org.hibernate.type.BasicTypeReference@2047981
2023-09-29T17:50:16.690+05:30 DEBUG 26008 --- [           main] org.hibernate.type.BasicTypeRegistry     : Adding type registration java.lang.Double -> org.hibernate.type.BasicTypeReference@2047981
2023-09-29T17:50:16.690+05:30 DEBUG 26008 --- [           main] org.hibernate.type.BasicTypeRegistry     : Adding type registration big_integer -> org.hibernate.type.BasicTypeReference@2ad99cf3
2023-09-29T17:50:16.690+05:30 DEBUG 26008 --- [           main] org.hibernate.type.BasicTypeRegistry     : Adding type registration java.math.BigInteger -> org.hibernate.type.BasicTypeReference@2ad99cf3
2023-09-29T17:50:16.690+05:30 DEBUG 26008 --- [           main] org.hibernate.type.BasicTypeRegistry     : Adding type registration big_decimal -> org.hibernate.type.BasicTypeReference@6f31df32
2023-09-29T17:50:16.690+05:30 DEBUG 26008 --- [           main] org.hibernate.type.BasicTypeRegistry     : Adding type registration java.math.BigDecimal -> org.hibernate.type.BasicTypeReference@6f31df32
2023-09-29T17:50:16.691+05:30 DEBUG 26008 --- [           main] org.hibernate.type.BasicTypeRegistry     : Adding type registration character -> org.hibernate.type.BasicTypeReference@7c90b7b7
2023-09-29T17:50:16.691+05:30 DEBUG 26008 --- [           main] org.hibernate.type.BasicTypeRegistry     : Adding type registration char -> org.hibernate.type.BasicTypeReference@7c90b7b7
2023-09-29T17:50:16.691+05:30 DEBUG 26008 --- [           main] org.hibernate.type.BasicTypeRegistry     : Adding type registration java.lang.Character -> org.hibernate.type.BasicTypeReference@7c90b7b7
2023-09-29T17:50:16.691+05:30 DEBUG 26008 --- [           main] org.hibernate.type.BasicTypeRegistry     : Adding type registration character_nchar -> org.hibernate.type.BasicTypeReference@5d7911d5
2023-09-29T17:50:16.691+05:30 DEBUG 26008 --- [           main] org.hibernate.type.BasicTypeRegistry     : Adding type registration string -> org.hibernate.type.BasicTypeReference@3ba1308d
2023-09-29T17:50:16.691+05:30 DEBUG 26008 --- [           main] org.hibernate.type.BasicTypeRegistry     : Adding type registration java.lang.String -> org.hibernate.type.BasicTypeReference@3ba1308d
2023-09-29T17:50:16.692+05:30 DEBUG 26008 --- [           main] org.hibernate.type.BasicTypeRegistry     : Adding type registration nstring -> org.hibernate.type.BasicTypeReference@5a08b084
2023-09-29T17:50:16.692+05:30 DEBUG 26008 --- [           main] org.hibernate.type.BasicTypeRegistry     : Adding type registration characters -> org.hibernate.type.BasicTypeReference@235c997d
2023-09-29T17:50:16.692+05:30 DEBUG 26008 --- [           main] org.hibernate.type.BasicTypeRegistry     : Adding type registration char[] -> org.hibernate.type.BasicTypeReference@235c997d
2023-09-29T17:50:16.692+05:30 DEBUG 26008 --- [           main] org.hibernate.type.BasicTypeRegistry     : Adding type registration [C -> org.hibernate.type.BasicTypeReference@235c997d
2023-09-29T17:50:16.692+05:30 DEBUG 26008 --- [           main] org.hibernate.type.BasicTypeRegistry     : Adding type registration wrapper-characters -> org.hibernate.type.BasicTypeReference@36bed37a
2023-09-29T17:50:16.692+05:30 DEBUG 26008 --- [           main] org.hibernate.type.BasicTypeRegistry     : Adding type registration text -> org.hibernate.type.BasicTypeReference@4a9a878
2023-09-29T17:50:16.692+05:30 DEBUG 26008 --- [           main] org.hibernate.type.BasicTypeRegistry     : Adding type registration ntext -> org.hibernate.type.BasicTypeReference@1b3ab4f9
2023-09-29T17:50:16.692+05:30 DEBUG 26008 --- [           main] org.hibernate.type.BasicTypeRegistry     : Adding type registration clob -> org.hibernate.type.BasicTypeReference@5c6a5192
2023-09-29T17:50:16.692+05:30 DEBUG 26008 --- [           main] org.hibernate.type.BasicTypeRegistry     : Adding type registration java.sql.Clob -> org.hibernate.type.BasicTypeReference@5c6a5192
2023-09-29T17:50:16.693+05:30 DEBUG 26008 --- [           main] org.hibernate.type.BasicTypeRegistry     : Adding type registration nclob -> org.hibernate.type.BasicTypeReference@1c8f6c66
2023-09-29T17:50:16.693+05:30 DEBUG 26008 --- [           main] org.hibernate.type.BasicTypeRegistry     : Adding type registration java.sql.NClob -> org.hibernate.type.BasicTypeReference@1c8f6c66
2023-09-29T17:50:16.693+05:30 DEBUG 26008 --- [           main] org.hibernate.type.BasicTypeRegistry     : Adding type registration materialized_clob -> org.hibernate.type.BasicTypeReference@552cede7
2023-09-29T17:50:16.693+05:30 DEBUG 26008 --- [           main] org.hibernate.type.BasicTypeRegistry     : Adding type registration materialized_clob_char_array -> org.hibernate.type.BasicTypeReference@1b7f06c7
2023-09-29T17:50:16.693+05:30 DEBUG 26008 --- [           main] org.hibernate.type.BasicTypeRegistry     : Adding type registration materialized_clob_character_array -> org.hibernate.type.BasicTypeReference@151732fb
2023-09-29T17:50:16.693+05:30 DEBUG 26008 --- [           main] org.hibernate.type.BasicTypeRegistry     : Adding type registration materialized_nclob -> org.hibernate.type.BasicTypeReference@729c8063
2023-09-29T17:50:16.693+05:30 DEBUG 26008 --- [           main] org.hibernate.type.BasicTypeRegistry     : Adding type registration materialized_nclob_character_array -> org.hibernate.type.BasicTypeReference@40ed1802
2023-09-29T17:50:16.693+05:30 DEBUG 26008 --- [           main] org.hibernate.type.BasicTypeRegistry     : Adding type registration materialized_nclob_char_array -> org.hibernate.type.BasicTypeReference@23c767e6
2023-09-29T17:50:16.693+05:30 DEBUG 26008 --- [           main] org.hibernate.type.BasicTypeRegistry     : Adding type registration Duration -> org.hibernate.type.BasicTypeReference@feb098f
2023-09-29T17:50:16.693+05:30 DEBUG 26008 --- [           main] org.hibernate.type.BasicTypeRegistry     : Adding type registration java.time.Duration -> org.hibernate.type.BasicTypeReference@feb098f
2023-09-29T17:50:16.694+05:30 DEBUG 26008 --- [           main] org.hibernate.type.BasicTypeRegistry     : Adding type registration LocalDateTime -> org.hibernate.type.BasicTypeReference@19e21f89
2023-09-29T17:50:16.694+05:30 DEBUG 26008 --- [           main] org.hibernate.type.BasicTypeRegistry     : Adding type registration java.time.LocalDateTime -> org.hibernate.type.BasicTypeReference@19e21f89
2023-09-29T17:50:16.694+05:30 DEBUG 26008 --- [           main] org.hibernate.type.BasicTypeRegistry     : Adding type registration LocalDate -> org.hibernate.type.BasicTypeReference@31e739bf
2023-09-29T17:50:16.694+05:30 DEBUG 26008 --- [           main] org.hibernate.type.BasicTypeRegistry     : Adding type registration java.time.LocalDate -> org.hibernate.type.BasicTypeReference@31e739bf
2023-09-29T17:50:16.694+05:30 DEBUG 26008 --- [           main] org.hibernate.type.BasicTypeRegistry     : Adding type registration LocalTime -> org.hibernate.type.BasicTypeReference@29079032
2023-09-29T17:50:16.694+05:30 DEBUG 26008 --- [           main] org.hibernate.type.BasicTypeRegistry     : Adding type registration java.time.LocalTime -> org.hibernate.type.BasicTypeReference@29079032
2023-09-29T17:50:16.694+05:30 DEBUG 26008 --- [           main] org.hibernate.type.BasicTypeRegistry     : Adding type registration OffsetDateTime -> org.hibernate.type.BasicTypeReference@7e7743ec
2023-09-29T17:50:16.694+05:30 DEBUG 26008 --- [           main] org.hibernate.type.BasicTypeRegistry     : Adding type registration java.time.OffsetDateTime -> org.hibernate.type.BasicTypeReference@7e7743ec
2023-09-29T17:50:16.694+05:30 DEBUG 26008 --- [           main] org.hibernate.type.BasicTypeRegistry     : Adding type registration OffsetDateTimeWithTimezone -> org.hibernate.type.BasicTypeReference@776015fc
2023-09-29T17:50:16.694+05:30 DEBUG 26008 --- [           main] org.hibernate.type.BasicTypeRegistry     : Adding type registration OffsetDateTimeWithoutTimezone -> org.hibernate.type.BasicTypeReference@7f42e06e
2023-09-29T17:50:16.694+05:30 DEBUG 26008 --- [           main] org.hibernate.type.BasicTypeRegistry     : Adding type registration OffsetTime -> org.hibernate.type.BasicTypeReference@6ad179b4
2023-09-29T17:50:16.694+05:30 DEBUG 26008 --- [           main] org.hibernate.type.BasicTypeRegistry     : Adding type registration java.time.OffsetTime -> org.hibernate.type.BasicTypeReference@6ad179b4
2023-09-29T17:50:16.694+05:30 DEBUG 26008 --- [           main] org.hibernate.type.BasicTypeRegistry     : Adding type registration OffsetTimeUtc -> org.hibernate.type.BasicTypeReference@2efd2f21
2023-09-29T17:50:16.694+05:30 DEBUG 26008 --- [           main] org.hibernate.type.BasicTypeRegistry     : Adding type registration OffsetTimeWithTimezone -> org.hibernate.type.BasicTypeReference@59c500f7
2023-09-29T17:50:16.695+05:30 DEBUG 26008 --- [           main] org.hibernate.type.BasicTypeRegistry     : Adding type registration OffsetTimeWithoutTimezone -> org.hibernate.type.BasicTypeReference@316cda31
2023-09-29T17:50:16.695+05:30 DEBUG 26008 --- [           main] org.hibernate.type.BasicTypeRegistry     : Adding type registration ZonedDateTime -> org.hibernate.type.BasicTypeReference@50110971
2023-09-29T17:50:16.695+05:30 DEBUG 26008 --- [           main] org.hibernate.type.BasicTypeRegistry     : Adding type registration java.time.ZonedDateTime -> org.hibernate.type.BasicTypeReference@50110971
2023-09-29T17:50:16.695+05:30 DEBUG 26008 --- [           main] org.hibernate.type.BasicTypeRegistry     : Adding type registration ZonedDateTimeWithTimezone -> org.hibernate.type.BasicTypeReference@17d2b075
2023-09-29T17:50:16.695+05:30 DEBUG 26008 --- [           main] org.hibernate.type.BasicTypeRegistry     : Adding type registration ZonedDateTimeWithoutTimezone -> org.hibernate.type.BasicTypeReference@6661d8c0
2023-09-29T17:50:16.695+05:30 DEBUG 26008 --- [           main] org.hibernate.type.BasicTypeRegistry     : Adding type registration date -> org.hibernate.type.BasicTypeReference@310b2b6f
2023-09-29T17:50:16.695+05:30 DEBUG 26008 --- [           main] org.hibernate.type.BasicTypeRegistry     : Adding type registration java.sql.Date -> org.hibernate.type.BasicTypeReference@310b2b6f
2023-09-29T17:50:16.696+05:30 DEBUG 26008 --- [           main] org.hibernate.type.BasicTypeRegistry     : Adding type registration time -> org.hibernate.type.BasicTypeReference@6909f6be
2023-09-29T17:50:16.696+05:30 DEBUG 26008 --- [           main] org.hibernate.type.BasicTypeRegistry     : Adding type registration java.sql.Time -> org.hibernate.type.BasicTypeReference@6909f6be
2023-09-29T17:50:16.696+05:30 DEBUG 26008 --- [           main] org.hibernate.type.BasicTypeRegistry     : Adding type registration timestamp -> org.hibernate.type.BasicTypeReference@6b5ab2f2
2023-09-29T17:50:16.696+05:30 DEBUG 26008 --- [           main] org.hibernate.type.BasicTypeRegistry     : Adding type registration java.sql.Timestamp -> org.hibernate.type.BasicTypeReference@6b5ab2f2
2023-09-29T17:50:16.696+05:30 DEBUG 26008 --- [           main] org.hibernate.type.BasicTypeRegistry     : Adding type registration java.util.Date -> org.hibernate.type.BasicTypeReference@6b5ab2f2
2023-09-29T17:50:16.696+05:30 DEBUG 26008 --- [           main] org.hibernate.type.BasicTypeRegistry     : Adding type registration calendar -> org.hibernate.type.BasicTypeReference@315c081
2023-09-29T17:50:16.696+05:30 DEBUG 26008 --- [           main] org.hibernate.type.BasicTypeRegistry     : Adding type registration java.util.Calendar -> org.hibernate.type.BasicTypeReference@315c081
2023-09-29T17:50:16.696+05:30 DEBUG 26008 --- [           main] org.hibernate.type.BasicTypeRegistry     : Adding type registration java.util.GregorianCalendar -> org.hibernate.type.BasicTypeReference@315c081
2023-09-29T17:50:16.696+05:30 DEBUG 26008 --- [           main] org.hibernate.type.BasicTypeRegistry     : Adding type registration calendar_date -> org.hibernate.type.BasicTypeReference@6b2dd3df
2023-09-29T17:50:16.696+05:30 DEBUG 26008 --- [           main] org.hibernate.type.BasicTypeRegistry     : Adding type registration calendar_time -> org.hibernate.type.BasicTypeReference@4db77402
2023-09-29T17:50:16.696+05:30 DEBUG 26008 --- [           main] org.hibernate.type.BasicTypeRegistry     : Adding type registration instant -> org.hibernate.type.BasicTypeReference@73c48264
2023-09-29T17:50:16.696+05:30 DEBUG 26008 --- [           main] org.hibernate.type.BasicTypeRegistry     : Adding type registration java.time.Instant -> org.hibernate.type.BasicTypeReference@73c48264
2023-09-29T17:50:16.697+05:30 DEBUG 26008 --- [           main] org.hibernate.type.BasicTypeRegistry     : Adding type registration uuid -> org.hibernate.type.BasicTypeReference@5ef85555
2023-09-29T17:50:16.697+05:30 DEBUG 26008 --- [           main] org.hibernate.type.BasicTypeRegistry     : Adding type registration java.util.UUID -> org.hibernate.type.BasicTypeReference@5ef85555
2023-09-29T17:50:16.697+05:30 DEBUG 26008 --- [           main] org.hibernate.type.BasicTypeRegistry     : Adding type registration pg-uuid -> org.hibernate.type.BasicTypeReference@5ef85555
2023-09-29T17:50:16.697+05:30 DEBUG 26008 --- [           main] org.hibernate.type.BasicTypeRegistry     : Adding type registration uuid-binary -> org.hibernate.type.BasicTypeReference@5bcec67e
2023-09-29T17:50:16.697+05:30 DEBUG 26008 --- [           main] org.hibernate.type.BasicTypeRegistry     : Adding type registration uuid-char -> org.hibernate.type.BasicTypeReference@2dafae61
2023-09-29T17:50:16.698+05:30 DEBUG 26008 --- [           main] org.hibernate.type.BasicTypeRegistry     : Adding type registration class -> org.hibernate.type.BasicTypeReference@7a2fce12
2023-09-29T17:50:16.698+05:30 DEBUG 26008 --- [           main] org.hibernate.type.BasicTypeRegistry     : Adding type registration java.lang.Class -> org.hibernate.type.BasicTypeReference@7a2fce12
2023-09-29T17:50:16.698+05:30 DEBUG 26008 --- [           main] org.hibernate.type.BasicTypeRegistry     : Adding type registration currency -> org.hibernate.type.BasicTypeReference@66e17eff
2023-09-29T17:50:16.698+05:30 DEBUG 26008 --- [           main] org.hibernate.type.BasicTypeRegistry     : Adding type registration Currency -> org.hibernate.type.BasicTypeReference@66e17eff
2023-09-29T17:50:16.698+05:30 DEBUG 26008 --- [           main] org.hibernate.type.BasicTypeRegistry     : Adding type registration java.util.Currency -> org.hibernate.type.BasicTypeReference@66e17eff
2023-09-29T17:50:16.699+05:30 DEBUG 26008 --- [           main] org.hibernate.type.BasicTypeRegistry     : Adding type registration locale -> org.hibernate.type.BasicTypeReference@4bb1b96b
2023-09-29T17:50:16.699+05:30 DEBUG 26008 --- [           main] org.hibernate.type.BasicTypeRegistry     : Adding type registration java.util.Locale -> org.hibernate.type.BasicTypeReference@4bb1b96b
2023-09-29T17:50:16.699+05:30 DEBUG 26008 --- [           main] org.hibernate.type.BasicTypeRegistry     : Adding type registration serializable -> org.hibernate.type.BasicTypeReference@1bbddada
2023-09-29T17:50:16.699+05:30 DEBUG 26008 --- [           main] org.hibernate.type.BasicTypeRegistry     : Adding type registration java.io.Serializable -> org.hibernate.type.BasicTypeReference@1bbddada
2023-09-29T17:50:16.699+05:30 DEBUG 26008 --- [           main] org.hibernate.type.BasicTypeRegistry     : Adding type registration timezone -> org.hibernate.type.BasicTypeReference@1f66d8e1
2023-09-29T17:50:16.699+05:30 DEBUG 26008 --- [           main] org.hibernate.type.BasicTypeRegistry     : Adding type registration java.util.TimeZone -> org.hibernate.type.BasicTypeReference@1f66d8e1
2023-09-29T17:50:16.700+05:30 DEBUG 26008 --- [           main] org.hibernate.type.BasicTypeRegistry     : Adding type registration ZoneOffset -> org.hibernate.type.BasicTypeReference@721d5b74
2023-09-29T17:50:16.700+05:30 DEBUG 26008 --- [           main] org.hibernate.type.BasicTypeRegistry     : Adding type registration java.time.ZoneOffset -> org.hibernate.type.BasicTypeReference@721d5b74
2023-09-29T17:50:16.700+05:30 DEBUG 26008 --- [           main] org.hibernate.type.BasicTypeRegistry     : Adding type registration url -> org.hibernate.type.BasicTypeReference@3421debd
2023-09-29T17:50:16.700+05:30 DEBUG 26008 --- [           main] org.hibernate.type.BasicTypeRegistry     : Adding type registration java.net.URL -> org.hibernate.type.BasicTypeReference@3421debd
2023-09-29T17:50:16.700+05:30 DEBUG 26008 --- [           main] org.hibernate.type.BasicTypeRegistry     : Adding type registration row_version -> org.hibernate.type.BasicTypeReference@41bfa9e9
2023-09-29T17:50:16.705+05:30 DEBUG 26008 --- [           main] org.hibernate.type.BasicTypeRegistry     : Adding type registration object -> org.hibernate.type.JavaObjectType@2bb41f5c
2023-09-29T17:50:16.705+05:30 DEBUG 26008 --- [           main] org.hibernate.type.BasicTypeRegistry     : Adding type registration java.lang.Object -> org.hibernate.type.JavaObjectType@2bb41f5c
2023-09-29T17:50:16.706+05:30 DEBUG 26008 --- [           main] org.hibernate.type.BasicTypeRegistry     : Adding type registration null -> org.hibernate.type.NullType@5921b93c
2023-09-29T17:50:16.706+05:30 DEBUG 26008 --- [           main] org.hibernate.type.BasicTypeRegistry     : Adding type registration imm_date -> org.hibernate.type.BasicTypeReference@faea4da
2023-09-29T17:50:16.706+05:30 DEBUG 26008 --- [           main] org.hibernate.type.BasicTypeRegistry     : Adding type registration imm_time -> org.hibernate.type.BasicTypeReference@19b02dfd
2023-09-29T17:50:16.707+05:30 DEBUG 26008 --- [           main] org.hibernate.type.BasicTypeRegistry     : Adding type registration imm_timestamp -> org.hibernate.type.BasicTypeReference@3dce6dd8
2023-09-29T17:50:16.707+05:30 DEBUG 26008 --- [           main] org.hibernate.type.BasicTypeRegistry     : Adding type registration imm_calendar -> org.hibernate.type.BasicTypeReference@69f2cb04
2023-09-29T17:50:16.707+05:30 DEBUG 26008 --- [           main] org.hibernate.type.BasicTypeRegistry     : Adding type registration imm_calendar_date -> org.hibernate.type.BasicTypeReference@13803a94
2023-09-29T17:50:16.707+05:30 DEBUG 26008 --- [           main] org.hibernate.type.BasicTypeRegistry     : Adding type registration imm_calendar_time -> org.hibernate.type.BasicTypeReference@b4732dc
2023-09-29T17:50:16.707+05:30 DEBUG 26008 --- [           main] org.hibernate.type.BasicTypeRegistry     : Adding type registration imm_binary -> org.hibernate.type.BasicTypeReference@45292ec1
2023-09-29T17:50:16.707+05:30 DEBUG 26008 --- [           main] org.hibernate.type.BasicTypeRegistry     : Adding type registration imm_serializable -> org.hibernate.type.BasicTypeReference@3a7c678b
2023-09-29T17:50:16.729+05:30  INFO 26008 --- [           main] o.h.b.i.BytecodeProviderInitiator        : HHH000021: Bytecode provider name : bytebuddy
2023-09-29T17:50:16.946+05:30  INFO 26008 --- [           main] o.s.o.j.p.SpringPersistenceUnitInfo      : No LoadTimeWeaver setup: ignoring JPA class transformer
2023-09-29T17:50:16.974+05:30  INFO 26008 --- [           main] com.zaxxer.hikari.HikariDataSource       : HikariPool-1 - Starting...
2023-09-29T17:50:17.185+05:30  INFO 26008 --- [           main] com.zaxxer.hikari.pool.HikariPool        : HikariPool-1 - Added connection com.mysql.cj.jdbc.ConnectionImpl@2674d4f6
2023-09-29T17:50:17.188+05:30  INFO 26008 --- [           main] com.zaxxer.hikari.HikariDataSource       : HikariPool-1 - Start completed.
2023-09-29T17:50:17.296+05:30 DEBUG 26008 --- [           main] o.h.t.d.sql.spi.DdlTypeRegistry          : addDescriptor(12, org.hibernate.type.descriptor.sql.internal.CapacityDependentDdlType@58601e7a) replaced previous registration(org.hibernate.type.descriptor.sql.internal.CapacityDependentDdlType@62735b13)
2023-09-29T17:50:17.296+05:30 DEBUG 26008 --- [           main] o.h.t.d.sql.spi.DdlTypeRegistry          : addDescriptor(-9, org.hibernate.type.descriptor.sql.internal.CapacityDependentDdlType@7aae1170) replaced previous registration(org.hibernate.type.descriptor.sql.internal.CapacityDependentDdlType@4ef5dd23)
2023-09-29T17:50:17.296+05:30 DEBUG 26008 --- [           main] o.h.t.d.sql.spi.DdlTypeRegistry          : addDescriptor(-3, org.hibernate.type.descriptor.sql.internal.CapacityDependentDdlType@163e8949) replaced previous registration(org.hibernate.type.descriptor.sql.internal.CapacityDependentDdlType@6eede35e)
2023-09-29T17:50:17.296+05:30 DEBUG 26008 --- [           main] o.h.t.d.sql.spi.DdlTypeRegistry          : addDescriptor(4003, org.hibernate.type.descriptor.sql.internal.DdlTypeImpl@64c25a62) replaced previous registration(org.hibernate.type.descriptor.sql.internal.DdlTypeImpl@43e8f1c)
2023-09-29T17:50:17.297+05:30 DEBUG 26008 --- [           main] o.h.t.d.sql.spi.DdlTypeRegistry          : addDescriptor(4001, org.hibernate.type.descriptor.sql.internal.DdlTypeImpl@66a82a13) replaced previous registration(org.hibernate.type.descriptor.sql.internal.DdlTypeImpl@675ec28b)
2023-09-29T17:50:17.297+05:30 DEBUG 26008 --- [           main] o.h.t.d.sql.spi.DdlTypeRegistry          : addDescriptor(4002, org.hibernate.type.descriptor.sql.internal.DdlTypeImpl@11399548) replaced previous registration(org.hibernate.type.descriptor.sql.internal.DdlTypeImpl@610fbe1c)
2023-09-29T17:50:17.297+05:30 DEBUG 26008 --- [           main] o.h.t.d.sql.spi.DdlTypeRegistry          : addDescriptor(2004, org.hibernate.type.descriptor.sql.internal.CapacityDependentDdlType@46d0f89c) replaced previous registration(org.hibernate.type.descriptor.sql.internal.DdlTypeImpl@570b2057)
2023-09-29T17:50:17.297+05:30 DEBUG 26008 --- [           main] o.h.t.d.sql.spi.DdlTypeRegistry          : addDescriptor(2005, org.hibernate.type.descriptor.sql.internal.CapacityDependentDdlType@a457c2b) replaced previous registration(org.hibernate.type.descriptor.sql.internal.DdlTypeImpl@16a6dc21)
2023-09-29T17:50:17.298+05:30 DEBUG 26008 --- [           main] o.h.t.d.sql.spi.DdlTypeRegistry          : addDescriptor(2011, org.hibernate.type.descriptor.sql.internal.CapacityDependentDdlType@5773d271) replaced previous registration(org.hibernate.type.descriptor.sql.internal.DdlTypeImpl@59f45950)
2023-09-29T17:50:17.300+05:30 DEBUG 26008 --- [           main] o.h.t.d.jdbc.spi.JdbcTypeRegistry        : addDescriptor(NCharTypeDescriptor) replaced previous registration(CharTypeDescriptor)
2023-09-29T17:50:17.301+05:30 DEBUG 26008 --- [           main] o.h.t.d.jdbc.spi.JdbcTypeRegistry        : addDescriptor(NVarcharTypeDescriptor) replaced previous registration(VarcharTypeDescriptor)
2023-09-29T17:50:17.302+05:30 DEBUG 26008 --- [           main] o.h.t.d.jdbc.spi.JdbcTypeRegistry        : addDescriptor(LongNVarcharTypeDescriptor) replaced previous registration(LongVarcharTypeDescriptor)
2023-09-29T17:50:17.305+05:30 DEBUG 26008 --- [           main] o.h.t.d.jdbc.spi.JdbcTypeRegistry        : addDescriptor(NClobTypeDescriptor(DEFAULT)) replaced previous registration(ClobTypeDescriptor(DEFAULT))
2023-09-29T17:50:17.305+05:30 DEBUG 26008 --- [           main] o.h.t.d.jdbc.spi.JdbcTypeRegistry        : addDescriptor(2005, ClobTypeDescriptor(STREAM_BINDING)) replaced previous registration(ClobTypeDescriptor(DEFAULT))
2023-09-29T17:50:17.308+05:30 DEBUG 26008 --- [           main] org.hibernate.type.BasicTypeRegistry     : Adding type registration null -> org.hibernate.type.NullType@3b3056a6
2023-09-29T17:50:17.309+05:30 DEBUG 26008 --- [           main] org.hibernate.type.BasicTypeRegistry     : Type registration key [null] overrode previous entry : `org.hibernate.type.NullType@5921b93c`
2023-09-29T17:50:17.314+05:30 DEBUG 26008 --- [           main] org.hibernate.type.BasicTypeRegistry     : Adding type registration Duration -> basicType@1(java.time.Duration,2)
2023-09-29T17:50:17.315+05:30 DEBUG 26008 --- [           main] org.hibernate.type.BasicTypeRegistry     : Adding type registration java.time.Duration -> basicType@1(java.time.Duration,2)
2023-09-29T17:50:17.321+05:30 DEBUG 26008 --- [           main] org.hibernate.type.BasicTypeRegistry     : Adding type registration org.hibernate.type.OffsetDateTimeType -> basicType@2(java.time.OffsetDateTime,3003)
2023-09-29T17:50:17.321+05:30 DEBUG 26008 --- [           main] org.hibernate.type.BasicTypeRegistry     : Adding type registration OffsetDateTime -> basicType@2(java.time.OffsetDateTime,3003)
2023-09-29T17:50:17.321+05:30 DEBUG 26008 --- [           main] org.hibernate.type.BasicTypeRegistry     : Adding type registration java.time.OffsetDateTime -> basicType@2(java.time.OffsetDateTime,3003)
2023-09-29T17:50:17.321+05:30 DEBUG 26008 --- [           main] org.hibernate.type.BasicTypeRegistry     : Adding type registration org.hibernate.type.ZonedDateTimeType -> basicType@3(java.time.ZonedDateTime,3003)
2023-09-29T17:50:17.321+05:30 DEBUG 26008 --- [           main] org.hibernate.type.BasicTypeRegistry     : Adding type registration ZonedDateTime -> basicType@3(java.time.ZonedDateTime,3003)
2023-09-29T17:50:17.321+05:30 DEBUG 26008 --- [           main] org.hibernate.type.BasicTypeRegistry     : Adding type registration java.time.ZonedDateTime -> basicType@3(java.time.ZonedDateTime,3003)
2023-09-29T17:50:17.322+05:30 DEBUG 26008 --- [           main] org.hibernate.type.BasicTypeRegistry     : Adding type registration org.hibernate.type.OffsetTimeType -> basicType@4(java.time.OffsetTime,3007)
2023-09-29T17:50:17.323+05:30 DEBUG 26008 --- [           main] org.hibernate.type.BasicTypeRegistry     : Adding type registration OffsetTime -> basicType@4(java.time.OffsetTime,3007)
2023-09-29T17:50:17.323+05:30 DEBUG 26008 --- [           main] org.hibernate.type.BasicTypeRegistry     : Adding type registration java.time.OffsetTime -> basicType@4(java.time.OffsetTime,3007)
2023-09-29T17:50:17.324+05:30 DEBUG 26008 --- [           main] o.h.type.spi.TypeConfiguration$Scope     : Scoping TypeConfiguration [org.hibernate.type.spi.TypeConfiguration@3c60c681] to MetadataBuildingContext [org.hibernate.boot.internal.MetadataBuildingContextRootImpl@1b3a9ef4]
2023-09-29T17:50:17.517+05:30  INFO 26008 --- [           main] o.h.b.i.BytecodeProviderInitiator        : HHH000021: Bytecode provider name : bytebuddy
2023-09-29T17:50:18.142+05:30  INFO 26008 --- [           main] o.h.e.t.j.p.i.JtaPlatformInitiator       : HHH000490: Using JtaPlatform implementation: [org.hibernate.engine.transaction.jta.platform.internal.NoJtaPlatform]
2023-09-29T17:50:18.143+05:30 DEBUG 26008 --- [           main] o.h.type.spi.TypeConfiguration$Scope     : Scoping TypeConfiguration [org.hibernate.type.spi.TypeConfiguration@3c60c681] to SessionFactoryImplementor [org.hibernate.internal.SessionFactoryImpl@6abb44cb]
2023-09-29T17:50:18.213+05:30 TRACE 26008 --- [           main] o.h.type.spi.TypeConfiguration$Scope     : Handling #sessionFactoryCreated from [org.hibernate.internal.SessionFactoryImpl@6abb44cb] for TypeConfiguration
2023-09-29T17:50:18.214+05:30  INFO 26008 --- [           main] j.LocalContainerEntityManagerFactoryBean : Initialized JPA EntityManagerFactory for persistence unit 'default'
2023-09-29T17:50:18.602+05:30  WARN 26008 --- [           main] JpaBaseConfiguration$JpaWebConfiguration : spring.jpa.open-in-view is enabled by default. Therefore, database queries may be performed during view rendering. Explicitly configure spring.jpa.open-in-view to disable this warning
2023-09-29T17:50:18.782+05:30  INFO 26008 --- [           main] o.s.b.a.w.s.WelcomePageHandlerMapping    : Adding welcome page template: index
2023-09-29T17:50:18.995+05:30  INFO 26008 --- [           main] c.e.mywebapp.MywebappApplicationTests    : Started MywebappApplicationTests in 4.146 seconds (process running for 5.104)
]]></system-out>
  </testcase>
</testsuite>